<?xml version="1.0" encoding="UTF-8"?>
<!-- Generated by org.testng.reporters.JUnitReportReporter -->
<testsuite hostname="WKS42460" failures="0" tests="1" name="com.curiosity.apis.IkeaWebsiteTest" time="4.806" errors="0" timestamp="14 Apr 2020 19:55:55 GMT">
  <testcase classname="com.curiosity.apis.IkeaWebsiteTest" name="testWebsite" time="4.806"/>
</testsuite> <!-- com.curiosity.apis.IkeaWebsiteTest -->
